  library.cpp
C:\Users\KHANHPTN\OneDrive - nhg.vn\Desktop\montt\TTLIBRARY\TTLIBRARY\library.cpp(20,22): warning C4566: character represented by universal-character-name '\u0111' cannot be represented in the current code page (1252)
C:\Users\KHANHPTN\OneDrive - nhg.vn\Desktop\montt\TTLIBRARY\TTLIBRARY\library.cpp(20,22): warning C4566: character represented by universal-character-name '\u01B0' cannot be represented in the current code page (1252)
C:\Users\KHANHPTN\OneDrive - nhg.vn\Desktop\montt\TTLIBRARY\TTLIBRARY\library.cpp(20,22): warning C4566: character represented by universal-character-name '\u1EE3' cannot be represented in the current code page (1252)
C:\Users\KHANHPTN\OneDrive - nhg.vn\Desktop\montt\TTLIBRARY\TTLIBRARY\library.cpp(23,22): warning C4566: character represented by universal-character-name '\u1EA5' cannot be represented in the current code page (1252)
C:\Users\KHANHPTN\OneDrive - nhg.vn\Desktop\montt\TTLIBRARY\TTLIBRARY\library.cpp(23,22): warning C4566: character represented by universal-character-name '\u0111' cannot be represented in the current code page (1252)
C:\Users\KHANHPTN\OneDrive - nhg.vn\Desktop\montt\TTLIBRARY\TTLIBRARY\library.cpp(23,22): warning C4566: character represented by universal-character-name '\u1EC3' cannot be represented in the current code page (1252)
C:\Users\KHANHPTN\OneDrive - nhg.vn\Desktop\montt\TTLIBRARY\TTLIBRARY\library.cpp(48,22): warning C4566: character represented by universal-character-name '\u0111' cannot be represented in the current code page (1252)
C:\Users\KHANHPTN\OneDrive - nhg.vn\Desktop\montt\TTLIBRARY\TTLIBRARY\library.cpp(48,22): warning C4566: character represented by universal-character-name '\u01B0' cannot be represented in the current code page (1252)
C:\Users\KHANHPTN\OneDrive - nhg.vn\Desktop\montt\TTLIBRARY\TTLIBRARY\library.cpp(48,22): warning C4566: character represented by universal-character-name '\u1EE3' cannot be represented in the current code page (1252)
C:\Users\KHANHPTN\OneDrive - nhg.vn\Desktop\montt\TTLIBRARY\TTLIBRARY\library.cpp(51,22): warning C4566: character represented by universal-character-name '\u1EA5' cannot be represented in the current code page (1252)
C:\Users\KHANHPTN\OneDrive - nhg.vn\Desktop\montt\TTLIBRARY\TTLIBRARY\library.cpp(51,22): warning C4566: character represented by universal-character-name '\u0111' cannot be represented in the current code page (1252)
C:\Users\KHANHPTN\OneDrive - nhg.vn\Desktop\montt\TTLIBRARY\TTLIBRARY\library.cpp(51,22): warning C4566: character represented by universal-character-name '\u1EC3' cannot be represented in the current code page (1252)
C:\Users\KHANHPTN\OneDrive - nhg.vn\Desktop\montt\TTLIBRARY\TTLIBRARY\library.cpp(77,22): warning C4566: character represented by universal-character-name '\u1ECB' cannot be represented in the current code page (1252)
C:\Users\KHANHPTN\OneDrive - nhg.vn\Desktop\montt\TTLIBRARY\TTLIBRARY\library.cpp(77,22): warning C4566: character represented by universal-character-name '\u0111' cannot be represented in the current code page (1252)
C:\Users\KHANHPTN\OneDrive - nhg.vn\Desktop\montt\TTLIBRARY\TTLIBRARY\library.cpp(77,22): warning C4566: character represented by universal-character-name '\u01B0' cannot be represented in the current code page (1252)
C:\Users\KHANHPTN\OneDrive - nhg.vn\Desktop\montt\TTLIBRARY\TTLIBRARY\library.cpp(77,22): warning C4566: character represented by universal-character-name '\u1EE3' cannot be represented in the current code page (1252)
C:\Users\KHANHPTN\OneDrive - nhg.vn\Desktop\montt\TTLIBRARY\TTLIBRARY\library.cpp(80,22): warning C4566: character represented by universal-character-name '\u1EA5' cannot be represented in the current code page (1252)
C:\Users\KHANHPTN\OneDrive - nhg.vn\Desktop\montt\TTLIBRARY\TTLIBRARY\library.cpp(80,22): warning C4566: character represented by universal-character-name '\u1ECB' cannot be represented in the current code page (1252)
C:\Users\KHANHPTN\OneDrive - nhg.vn\Desktop\montt\TTLIBRARY\TTLIBRARY\library.cpp(80,22): warning C4566: character represented by universal-character-name '\u0111' cannot be represented in the current code page (1252)
C:\Users\KHANHPTN\OneDrive - nhg.vn\Desktop\montt\TTLIBRARY\TTLIBRARY\library.cpp(80,22): warning C4566: character represented by universal-character-name '\u1EC3' cannot be represented in the current code page (1252)
C:\Users\KHANHPTN\OneDrive - nhg.vn\Desktop\montt\TTLIBRARY\TTLIBRARY\library.cpp(85,22): warning C4566: character represented by universal-character-name '\u1ECB' cannot be represented in the current code page (1252)
C:\Users\KHANHPTN\OneDrive - nhg.vn\Desktop\montt\TTLIBRARY\TTLIBRARY\library.cpp(89,18): warning C4566: character represented by universal-character-name '\u1ECB' cannot be represented in the current code page (1252)
C:\Program Files\Microsoft Visual Studio\2022\Community\VC\Tools\MSVC\14.37.32822\include\xutility(4899,16): error C2280: 'Transaction &Transaction::operator =(const Transaction &)': attempting to reference a deleted function
C:\Users\KHANHPTN\OneDrive - nhg.vn\Desktop\montt\TTLIBRARY\TTLIBRARY\Transaction.h(30,1): message : compiler has generated 'Transaction::operator =' here
C:\Users\KHANHPTN\OneDrive - nhg.vn\Desktop\montt\TTLIBRARY\TTLIBRARY\Transaction.h(30,1): message : 'Transaction &Transaction::operator =(const Transaction &)': function was implicitly deleted because 'Transaction' has a data member 'Transaction::membersRef' of reference type
C:\Users\KHANHPTN\OneDrive - nhg.vn\Desktop\montt\TTLIBRARY\TTLIBRARY\Transaction.h(27,32): message : see declaration of 'Transaction::membersRef'
C:\Program Files\Microsoft Visual Studio\2022\Community\VC\Tools\MSVC\14.37.32822\include\vector(1729,14): message : see reference to function template instantiation '_OutIt *std::_Move_unchecked<Transaction*,Transaction*>(_InIt,_InIt,_OutIt)' being compiled
          with
          [
              _OutIt=Transaction *,
              _InIt=Transaction *
          ]
C:\Program Files\Microsoft Visual Studio\2022\Community\VC\Tools\MSVC\14.37.32822\include\vector(1716,27): message : while compiling class template member function 'std::_Vector_iterator<std::_Vector_val<std::_Simple_types<_Ty>>> std::vector<_Ty,std::allocator<_Ty>>::erase(std::_Vector_const_iterator<std::_Vector_val<std::_Simple_types<_Ty>>>) noexcept(false)'
          with
          [
              _Ty=Transaction
          ]
C:\Users\KHANHPTN\OneDrive - nhg.vn\Desktop\montt\TTLIBRARY\TTLIBRARY\library.cpp(76,27): message : see the first reference to 'std::vector<Transaction,std::allocator<Transaction>>::erase' in 'Library::removeTransaction'
C:\Users\KHANHPTN\OneDrive - nhg.vn\Desktop\montt\TTLIBRARY\TTLIBRARY\Library.h(14,30): message : see reference to class template instantiation 'std::vector<Transaction,std::allocator<Transaction>>' being compiled
  Member.cpp
C:\Users\KHANHPTN\OneDrive - nhg.vn\Desktop\montt\TTLIBRARY\TTLIBRARY\Transaction.h(12,67): error C2065: 'Member': undeclared identifier
C:\Users\KHANHPTN\OneDrive - nhg.vn\Desktop\montt\TTLIBRARY\TTLIBRARY\Transaction.h(12,60): error C2923: 'std::vector': 'Member' is not a valid template type argument for parameter '_Ty'
C:\Users\KHANHPTN\OneDrive - nhg.vn\Desktop\montt\TTLIBRARY\TTLIBRARY\Transaction.h(12,67): message : see declaration of 'Member'
C:\Users\KHANHPTN\OneDrive - nhg.vn\Desktop\montt\TTLIBRARY\TTLIBRARY\Transaction.h(12,60): error C2976: 'std::vector': too few template arguments
C:\Program Files\Microsoft Visual Studio\2022\Community\VC\Tools\MSVC\14.37.32822\include\vector(438,1): message : see declaration of 'std::vector'
C:\Users\KHANHPTN\OneDrive - nhg.vn\Desktop\montt\TTLIBRARY\TTLIBRARY\Transaction.h(27,23): error C2065: 'Member': undeclared identifier
C:\Users\KHANHPTN\OneDrive - nhg.vn\Desktop\montt\TTLIBRARY\TTLIBRARY\Transaction.h(27,16): error C2923: 'std::vector': 'Member' is not a valid template type argument for parameter '_Ty'
C:\Users\KHANHPTN\OneDrive - nhg.vn\Desktop\montt\TTLIBRARY\TTLIBRARY\Transaction.h(27,23): message : see declaration of 'Member'
C:\Users\KHANHPTN\OneDrive - nhg.vn\Desktop\montt\TTLIBRARY\TTLIBRARY\Transaction.h(27,16): error C2976: 'std::vector': too few template arguments
C:\Program Files\Microsoft Visual Studio\2022\Community\VC\Tools\MSVC\14.37.32822\include\vector(438,1): message : see declaration of 'std::vector'
  transaction.cpp
C:\Users\KHANHPTN\OneDrive - nhg.vn\Desktop\montt\TTLIBRARY\TTLIBRARY\transaction.cpp(30,22): warning C4566: character represented by universal-character-name '\u1EC3' cannot be represented in the current code page (1252)
C:\Users\KHANHPTN\OneDrive - nhg.vn\Desktop\montt\TTLIBRARY\TTLIBRARY\transaction.cpp(30,22): warning C4566: character represented by universal-character-name '\u01B0' cannot be represented in the current code page (1252)
C:\Users\KHANHPTN\OneDrive - nhg.vn\Desktop\montt\TTLIBRARY\TTLIBRARY\transaction.cpp(30,22): warning C4566: character represented by universal-character-name '\u1EE3' cannot be represented in the current code page (1252)
C:\Users\KHANHPTN\OneDrive - nhg.vn\Desktop\montt\TTLIBRARY\TTLIBRARY\transaction.cpp(30,22): warning C4566: character represented by universal-character-name '\u1EB7' cannot be represented in the current code page (1252)
C:\Users\KHANHPTN\OneDrive - nhg.vn\Desktop\montt\TTLIBRARY\TTLIBRARY\transaction.cpp(30,22): warning C4566: character represented by universal-character-name '\u1ED3' cannot be represented in the current code page (1252)
C:\Users\KHANHPTN\OneDrive - nhg.vn\Desktop\montt\TTLIBRARY\TTLIBRARY\transaction.cpp(30,22): warning C4566: character represented by universal-character-name '\u1EA1' cannot be represented in the current code page (1252)
C:\Users\KHANHPTN\OneDrive - nhg.vn\Desktop\montt\TTLIBRARY\TTLIBRARY\transaction.cpp(36,18): warning C4566: character represented by universal-character-name '\u0111' cannot be represented in the current code page (1252)
C:\Users\KHANHPTN\OneDrive - nhg.vn\Desktop\montt\TTLIBRARY\TTLIBRARY\transaction.cpp(36,18): warning C4566: character represented by universal-character-name '\u01B0' cannot be represented in the current code page (1252)
C:\Users\KHANHPTN\OneDrive - nhg.vn\Desktop\montt\TTLIBRARY\TTLIBRARY\transaction.cpp(36,18): warning C4566: character represented by universal-character-name '\u1EE3' cannot be represented in the current code page (1252)
C:\Users\KHANHPTN\OneDrive - nhg.vn\Desktop\montt\TTLIBRARY\TTLIBRARY\transaction.cpp(48,22): warning C4566: character represented by universal-character-name '\u0111' cannot be represented in the current code page (1252)
C:\Users\KHANHPTN\OneDrive - nhg.vn\Desktop\montt\TTLIBRARY\TTLIBRARY\transaction.cpp(48,22): warning C4566: character represented by universal-character-name '\u01B0' cannot be represented in the current code page (1252)
C:\Users\KHANHPTN\OneDrive - nhg.vn\Desktop\montt\TTLIBRARY\TTLIBRARY\transaction.cpp(48,22): warning C4566: character represented by universal-character-name '\u1EE3' cannot be represented in the current code page (1252)
C:\Users\KHANHPTN\OneDrive - nhg.vn\Desktop\montt\TTLIBRARY\TTLIBRARY\transaction.cpp(48,22): warning C4566: character represented by universal-character-name '\u1EA3' cannot be represented in the current code page (1252)
C:\Users\KHANHPTN\OneDrive - nhg.vn\Desktop\montt\TTLIBRARY\TTLIBRARY\transaction.cpp(51,22): warning C4566: character represented by universal-character-name '\u1EA5' cannot be represented in the current code page (1252)
C:\Users\KHANHPTN\OneDrive - nhg.vn\Desktop\montt\TTLIBRARY\TTLIBRARY\transaction.cpp(51,22): warning C4566: character represented by universal-character-name '\u01B0' cannot be represented in the current code page (1252)
C:\Users\KHANHPTN\OneDrive - nhg.vn\Desktop\montt\TTLIBRARY\TTLIBRARY\transaction.cpp(51,22): warning C4566: character represented by universal-character-name '\u1EE3' cannot be represented in the current code page (1252)
C:\Users\KHANHPTN\OneDrive - nhg.vn\Desktop\montt\TTLIBRARY\TTLIBRARY\transaction.cpp(51,22): warning C4566: character represented by universal-character-name '\u01A1' cannot be represented in the current code page (1252)
C:\Users\KHANHPTN\OneDrive - nhg.vn\Desktop\montt\TTLIBRARY\TTLIBRARY\transaction.cpp(51,22): warning C4566: character represented by universal-character-name '\u1EE9' cannot be represented in the current code page (1252)
C:\Users\KHANHPTN\OneDrive - nhg.vn\Desktop\montt\TTLIBRARY\TTLIBRARY\transaction.cpp(59,22): warning C4566: character represented by universal-character-name '\u1ECB' cannot be represented in the current code page (1252)
C:\Users\KHANHPTN\OneDrive - nhg.vn\Desktop\montt\TTLIBRARY\TTLIBRARY\transaction.cpp(63,18): warning C4566: character represented by universal-character-name '\u1ECB' cannot be represented in the current code page (1252)
C:\Users\KHANHPTN\OneDrive - nhg.vn\Desktop\montt\TTLIBRARY\TTLIBRARY\transaction.cpp(66,22): warning C4566: character represented by universal-character-name '\u1ECB' cannot be represented in the current code page (1252)
C:\Users\KHANHPTN\OneDrive - nhg.vn\Desktop\montt\TTLIBRARY\TTLIBRARY\transaction.cpp(87,26): warning C4566: character represented by universal-character-name '\u1ECB' cannot be represented in the current code page (1252)
C:\Users\KHANHPTN\OneDrive - nhg.vn\Desktop\montt\TTLIBRARY\TTLIBRARY\transaction.cpp(87,26): warning C4566: character represented by universal-character-name '\u0111' cannot be represented in the current code page (1252)
C:\Users\KHANHPTN\OneDrive - nhg.vn\Desktop\montt\TTLIBRARY\TTLIBRARY\transaction.cpp(87,26): warning C4566: character represented by universal-character-name '\u01B0' cannot be represented in the current code page (1252)
C:\Users\KHANHPTN\OneDrive - nhg.vn\Desktop\montt\TTLIBRARY\TTLIBRARY\transaction.cpp(87,26): warning C4566: character represented by universal-character-name '\u1EE3' cannot be represented in the current code page (1252)
C:\Users\KHANHPTN\OneDrive - nhg.vn\Desktop\montt\TTLIBRARY\TTLIBRARY\transaction.cpp(87,26): warning C4566: character represented by universal-character-name '\u1EA5' cannot be represented in the current code page (1252)
C:\Users\KHANHPTN\OneDrive - nhg.vn\Desktop\montt\TTLIBRARY\TTLIBRARY\transaction.cpp(93,22): warning C4566: character represented by universal-character-name '\u1EA5' cannot be represented in the current code page (1252)
C:\Users\KHANHPTN\OneDrive - nhg.vn\Desktop\montt\TTLIBRARY\TTLIBRARY\transaction.cpp(93,22): warning C4566: character represented by universal-character-name '\u1ECB' cannot be represented in the current code page (1252)
C:\Users\KHANHPTN\OneDrive - nhg.vn\Desktop\montt\TTLIBRARY\TTLIBRARY\transaction.cpp(93,22): warning C4566: character represented by universal-character-name '\u1EE3' cannot be represented in the current code page (1252)
C:\Users\KHANHPTN\OneDrive - nhg.vn\Desktop\montt\TTLIBRARY\TTLIBRARY\transaction.cpp(109,22): warning C4566: character represented by universal-character-name '\u0110' cannot be represented in the current code page (1252)
C:\Users\KHANHPTN\OneDrive - nhg.vn\Desktop\montt\TTLIBRARY\TTLIBRARY\transaction.cpp(109,22): warning C4566: character represented by universal-character-name '\u1ECB' cannot be represented in the current code page (1252)
C:\Users\KHANHPTN\OneDrive - nhg.vn\Desktop\montt\TTLIBRARY\TTLIBRARY\transaction.cpp(112,22): warning C4566: character represented by universal-character-name '\u1EA5' cannot be represented in the current code page (1252)
C:\Users\KHANHPTN\OneDrive - nhg.vn\Desktop\montt\TTLIBRARY\TTLIBRARY\transaction.cpp(112,22): warning C4566: character represented by universal-character-name '\u1ECB' cannot be represented in the current code page (1252)
C:\Users\KHANHPTN\OneDrive - nhg.vn\Desktop\montt\TTLIBRARY\TTLIBRARY\transaction.cpp(112,22): warning C4566: character represented by universal-character-name '\u0111' cannot be represented in the current code page (1252)
C:\Users\KHANHPTN\OneDrive - nhg.vn\Desktop\montt\TTLIBRARY\TTLIBRARY\transaction.cpp(112,22): warning C4566: character represented by universal-character-name '\u1EC3' cannot be represented in the current code page (1252)
C:\Program Files\Microsoft Visual Studio\2022\Community\VC\Tools\MSVC\14.37.32822\include\xmemory(2214,25): error C2280: 'Transaction &Transaction::operator =(const Transaction &)': attempting to reference a deleted function
C:\Users\KHANHPTN\OneDrive - nhg.vn\Desktop\montt\TTLIBRARY\TTLIBRARY\Transaction.h(30,1): message : compiler has generated 'Transaction::operator =' here
C:\Users\KHANHPTN\OneDrive - nhg.vn\Desktop\montt\TTLIBRARY\TTLIBRARY\Transaction.h(30,1): message : 'Transaction &Transaction::operator =(const Transaction &)': function was implicitly deleted because 'Transaction' has a data member 'Transaction::membersRef' of reference type
C:\Users\KHANHPTN\OneDrive - nhg.vn\Desktop\montt\TTLIBRARY\TTLIBRARY\Transaction.h(27,32): message : see declaration of 'Transaction::membersRef'
C:\Users\KHANHPTN\OneDrive - nhg.vn\Desktop\montt\TTLIBRARY\TTLIBRARY\transaction.cpp(100,20): message : see reference to function template instantiation '_FwdIt std::remove_if<std::_Vector_iterator<std::_Vector_val<std::_Simple_types<_Ty>>>,Transaction::deleteTransaction::<lambda_1>>(_FwdIt,const _FwdIt,_Pr)' being compiled
          with
          [
              _FwdIt=std::_Vector_iterator<std::_Vector_val<std::_Simple_types<Transaction>>>,
              _Ty=Transaction,
              _Pr=Transaction::deleteTransaction::<lambda_1>
          ]
C:\Program Files\Microsoft Visual Studio\2022\Community\VC\Tools\MSVC\14.37.32822\include\xutility(4899,16): error C2280: 'Transaction &Transaction::operator =(const Transaction &)': attempting to reference a deleted function
C:\Users\KHANHPTN\OneDrive - nhg.vn\Desktop\montt\TTLIBRARY\TTLIBRARY\Transaction.h(30,1): message : compiler has generated 'Transaction::operator =' here
C:\Users\KHANHPTN\OneDrive - nhg.vn\Desktop\montt\TTLIBRARY\TTLIBRARY\Transaction.h(30,1): message : 'Transaction &Transaction::operator =(const Transaction &)': function was implicitly deleted because 'Transaction' has a data member 'Transaction::membersRef' of reference type
C:\Users\KHANHPTN\OneDrive - nhg.vn\Desktop\montt\TTLIBRARY\TTLIBRARY\Transaction.h(27,32): message : see declaration of 'Transaction::membersRef'
C:\Program Files\Microsoft Visual Studio\2022\Community\VC\Tools\MSVC\14.37.32822\include\vector(1752,43): message : see reference to function template instantiation '_OutIt *std::_Move_unchecked<Transaction*,Transaction*>(_InIt,_InIt,_OutIt)' being compiled
          with
          [
              _OutIt=Transaction *,
              _InIt=Transaction *
          ]
C:\Program Files\Microsoft Visual Studio\2022\Community\VC\Tools\MSVC\14.37.32822\include\vector(1736,27): message : while compiling class template member function 'std::_Vector_iterator<std::_Vector_val<std::_Simple_types<_Ty>>> std::vector<_Ty,std::allocator<_Ty>>::erase(std::_Vector_const_iterator<std::_Vector_val<std::_Simple_types<_Ty>>>,std::_Vector_const_iterator<std::_Vector_val<std::_Simple_types<_Ty>>>) noexcept(false)'
          with
          [
              _Ty=Transaction
          ]
C:\Users\KHANHPTN\OneDrive - nhg.vn\Desktop\montt\TTLIBRARY\TTLIBRARY\transaction.cpp(108,27): message : see the first reference to 'std::vector<Transaction,std::allocator<Transaction>>::erase' in 'Transaction::deleteTransaction'
C:\Users\KHANHPTN\OneDrive - nhg.vn\Desktop\montt\TTLIBRARY\TTLIBRARY\transaction.cpp(58,9): message : see reference to class template instantiation 'std::vector<Transaction,std::allocator<Transaction>>' being compiled
  TTLIBRARY.cpp
  User.cpp
  Generating Code...
